<?xml version="1.0" encoding="UTF-8"?>
<!-- Generated by org.testng.reporters.JUnitReportReporter -->
<testsuite hostname="Teena" failures="0" tests="2" name="com.training.testng.LoginTest" time="4.652" errors="0" timestamp="2024-03-26T02:38:39 EDT" skipped="0">
  <testcase classname="com.training.testng.LoginTest" name="logIntoApplicationWithInvalidUsername" time="1.932"/>
  <system-out/>
  <testcase classname="com.training.testng.LoginTest" name="logIntoApplication" time="2.720"/>
  <system-out/>
</testsuite> <!-- com.training.testng.LoginTest -->
