<?xml version="1.0" encoding="UTF-8"?>
<!-- Generated by org.testng.reporters.JUnitReportReporter -->
<testsuite hostname="Teena" failures="0" tests="2" name="com.training.testng.TekarchTest" time="0.003" errors="0" timestamp="2024-03-26T02:25:01 EDT" skipped="0">
  <testcase classname="com.training.testng.TekarchTest" name="test2" time="0.003"/>
  <system-out/>
  <testcase classname="com.training.testng.TekarchTest" name="test" time="0.000"/>
  <system-out/>
</testsuite> <!-- com.training.testng.TekarchTest -->
